<?xml version="1.0" encoding="UTF-8"?>
<!-- Generated by org.testng.reporters.JUnitReportReporter -->
<testsuite hostname="Anubhavs-MacBook-Pro.local" failures="0" tests="2" name="mathworks.technical.assignment.tests.Test_Scenario1" time="3.542" errors="0" timestamp="2022-11-11T02:51:15 CST" skipped="0">
  <testcase classname="mathworks.technical.assignment.tests.Test_Scenario1" name="testValidateStatisticsCountry" time="2.135"/>
  <system-out/>
  <testcase classname="mathworks.technical.assignment.tests.Test_Scenario1" name="testValidateStatisticsResult" time="1.407"/>
  <system-out/>
</testsuite> <!-- mathworks.technical.assignment.tests.Test_Scenario1 -->
