<?xml version="1.0" encoding="UTF-8"?>
<!-- Generated by org.testng.reporters.JUnitReportReporter -->
<testsuite hostname="Anubhavs-MacBook-Pro.local" failures="0" tests="2" name="mathworks.technical.assignment.tests.Test_Scenario1" time="7.146" errors="0" timestamp="2022-11-11T00:23:35 CST" skipped="0">
  <testcase classname="mathworks.technical.assignment.tests.Test_Scenario1" name="testValidateStatisticsCountry" time="6.463"/>
  <system-out/>
  <testcase classname="mathworks.technical.assignment.tests.Test_Scenario1" name="testValidateStatisticsResult" time="0.683"/>
  <system-out/>
</testsuite> <!-- mathworks.technical.assignment.tests.Test_Scenario1 -->
