<?xml version="1.0" encoding="UTF-8"?>
<testsuite xmlns:xsi="http://www.w3.org/2001/XMLSchema-instance" xsi:noNamespaceSchemaLocation="https://maven.apache.org/surefire/maven-surefire-plugin/xsd/surefire-test-report.xsd" name="mathworks.technical.assignment.tests.Test_Scenario2" time="7.661" tests="10" errors="0" skipped="0" failures="0">
  <properties>
    <property name="java.specification.version" value="17"/>
    <property name="sun.jnu.encoding" value="UTF-8"/>
    <property name="java.class.path" value="/Users/anubhav/eclipse-workspace/assignment/target/test-classes:/Users/anubhav/eclipse-workspace/assignment/target/classes:/Users/anubhav/.m2/repository/junit/junit/4.11/junit-4.11.jar:/Users/anubhav/.m2/repository/org/hamcrest/hamcrest-core/1.3/hamcrest-core-1.3.jar:/Users/anubhav/.m2/repository/io/rest-assured/rest-assured/5.2.0/rest-assured-5.2.0.jar:/Users/anubhav/.m2/repository/org/apache/groovy/groovy/4.0.1/groovy-4.0.1.jar:/Users/anubhav/.m2/repository/org/apache/groovy/groovy-xml/4.0.1/groovy-xml-4.0.1.jar:/Users/anubhav/.m2/repository/org/apache/httpcomponents/httpclient/4.5.13/httpclient-4.5.13.jar:/Users/anubhav/.m2/repository/org/apache/httpcomponents/httpcore/4.4.13/httpcore-4.4.13.jar:/Users/anubhav/.m2/repository/commons-logging/commons-logging/1.2/commons-logging-1.2.jar:/Users/anubhav/.m2/repository/commons-codec/commons-codec/1.11/commons-codec-1.11.jar:/Users/anubhav/.m2/repository/org/apache/httpcomponents/httpmime/4.5.13/httpmime-4.5.13.jar:/Users/anubhav/.m2/repository/org/hamcrest/hamcrest/2.1/hamcrest-2.1.jar:/Users/anubhav/.m2/repository/org/ccil/cowan/tagsoup/tagsoup/1.2.1/tagsoup-1.2.1.jar:/Users/anubhav/.m2/repository/io/rest-assured/json-path/5.2.0/json-path-5.2.0.jar:/Users/anubhav/.m2/repository/org/apache/groovy/groovy-json/4.0.1/groovy-json-4.0.1.jar:/Users/anubhav/.m2/repository/io/rest-assured/rest-assured-common/5.2.0/rest-assured-common-5.2.0.jar:/Users/anubhav/.m2/repository/io/rest-assured/xml-path/5.2.0/xml-path-5.2.0.jar:/Users/anubhav/.m2/repository/org/apache/commons/commons-lang3/3.11/commons-lang3-3.11.jar:/Users/anubhav/.m2/repository/com/fasterxml/jackson/core/jackson-databind/2.14.0/jackson-databind-2.14.0.jar:/Users/anubhav/.m2/repository/com/fasterxml/jackson/core/jackson-annotations/2.14.0/jackson-annotations-2.14.0.jar:/Users/anubhav/.m2/repository/com/fasterxml/jackson/core/jackson-core/2.14.0/jackson-core-2.14.0.jar:/Users/anubhav/.m2/repository/javax/annotation/javax.annotation-api/1.3.2/javax.annotation-api-1.3.2.jar:/Users/anubhav/.m2/repository/com/tngtech/java/junit-dataprovider/1.13.1/junit-dataprovider-1.13.1.jar:"/>
    <property name="java.vm.vendor" value="Eclipse Adoptium"/>
    <property name="sun.arch.data.model" value="64"/>
    <property name="java.vendor.url" value="https://adoptium.net/"/>
    <property name="os.name" value="Mac OS X"/>
    <property name="java.vm.specification.version" value="17"/>
    <property name="sun.java.launcher" value="SUN_STANDARD"/>
    <property name="user.country" value="US"/>
    <property name="sun.boot.library.path" value="/Users/anubhav/.p2/pool/plugins/org.eclipse.justj.openjdk.hotspot.jre.full.macosx.aarch64_17.0.5.v20221102-0933/jre/lib"/>
    <property name="sun.java.command" value="/Users/anubhav/eclipse-workspace/assignment/target/surefire/surefirebooter16817587112315542319.jar /Users/anubhav/eclipse-workspace/assignment/target/surefire 2022-11-11T10-52-13_906-jvmRun1 surefire5778123158694586998tmp surefire_016711711422291420789tmp"/>
    <property name="jdk.debug" value="release"/>
    <property name="surefire.test.class.path" value="/Users/anubhav/eclipse-workspace/assignment/target/test-classes:/Users/anubhav/eclipse-workspace/assignment/target/classes:/Users/anubhav/.m2/repository/junit/junit/4.11/junit-4.11.jar:/Users/anubhav/.m2/repository/org/hamcrest/hamcrest-core/1.3/hamcrest-core-1.3.jar:/Users/anubhav/.m2/repository/io/rest-assured/rest-assured/5.2.0/rest-assured-5.2.0.jar:/Users/anubhav/.m2/repository/org/apache/groovy/groovy/4.0.1/groovy-4.0.1.jar:/Users/anubhav/.m2/repository/org/apache/groovy/groovy-xml/4.0.1/groovy-xml-4.0.1.jar:/Users/anubhav/.m2/repository/org/apache/httpcomponents/httpclient/4.5.13/httpclient-4.5.13.jar:/Users/anubhav/.m2/repository/org/apache/httpcomponents/httpcore/4.4.13/httpcore-4.4.13.jar:/Users/anubhav/.m2/repository/commons-logging/commons-logging/1.2/commons-logging-1.2.jar:/Users/anubhav/.m2/repository/commons-codec/commons-codec/1.11/commons-codec-1.11.jar:/Users/anubhav/.m2/repository/org/apache/httpcomponents/httpmime/4.5.13/httpmime-4.5.13.jar:/Users/anubhav/.m2/repository/org/hamcrest/hamcrest/2.1/hamcrest-2.1.jar:/Users/anubhav/.m2/repository/org/ccil/cowan/tagsoup/tagsoup/1.2.1/tagsoup-1.2.1.jar:/Users/anubhav/.m2/repository/io/rest-assured/json-path/5.2.0/json-path-5.2.0.jar:/Users/anubhav/.m2/repository/org/apache/groovy/groovy-json/4.0.1/groovy-json-4.0.1.jar:/Users/anubhav/.m2/repository/io/rest-assured/rest-assured-common/5.2.0/rest-assured-common-5.2.0.jar:/Users/anubhav/.m2/repository/io/rest-assured/xml-path/5.2.0/xml-path-5.2.0.jar:/Users/anubhav/.m2/repository/org/apache/commons/commons-lang3/3.11/commons-lang3-3.11.jar:/Users/anubhav/.m2/repository/com/fasterxml/jackson/core/jackson-databind/2.14.0/jackson-databind-2.14.0.jar:/Users/anubhav/.m2/repository/com/fasterxml/jackson/core/jackson-annotations/2.14.0/jackson-annotations-2.14.0.jar:/Users/anubhav/.m2/repository/com/fasterxml/jackson/core/jackson-core/2.14.0/jackson-core-2.14.0.jar:/Users/anubhav/.m2/repository/javax/annotation/javax.annotation-api/1.3.2/javax.annotation-api-1.3.2.jar:/Users/anubhav/.m2/repository/com/tngtech/java/junit-dataprovider/1.13.1/junit-dataprovider-1.13.1.jar:"/>
    <property name="sun.cpu.endian" value="little"/>
    <property name="user.home" value="/Users/anubhav"/>
    <property name="user.language" value="en"/>
    <property name="java.specification.vendor" value="Oracle Corporation"/>
    <property name="java.version.date" value="2022-10-18"/>
    <property name="java.home" value="/Users/anubhav/.p2/pool/plugins/org.eclipse.justj.openjdk.hotspot.jre.full.macosx.aarch64_17.0.5.v20221102-0933/jre"/>
    <property name="file.separator" value="/"/>
    <property name="style.color" value="always"/>
    <property name="basedir" value="/Users/anubhav/eclipse-workspace/assignment"/>
    <property name="java.vm.compressedOopsMode" value="Zero based"/>
    <property name="line.separator" value="&#10;"/>
    <property name="java.vm.specification.vendor" value="Oracle Corporation"/>
    <property name="java.specification.name" value="Java Platform API Specification"/>
    <property name="surefire.real.class.path" value="/Users/anubhav/eclipse-workspace/assignment/target/surefire/surefirebooter16817587112315542319.jar"/>
    <property name="sun.management.compiler" value="HotSpot 64-Bit Tiered Compilers"/>
    <property name="java.runtime.version" value="17.0.5+8"/>
    <property name="user.name" value="anubhav"/>
    <property name="path.separator" value=":"/>
    <property name="os.version" value="12.6.1"/>
    <property name="java.runtime.name" value="OpenJDK Runtime Environment"/>
    <property name="file.encoding" value="UTF-8"/>
    <property name="java.vm.name" value="OpenJDK 64-Bit Server VM"/>
    <property name="java.vendor.version" value="Temurin-17.0.5+8"/>
    <property name="localRepository" value="/Users/anubhav/.m2/repository"/>
    <property name="java.vendor.url.bug" value="https://github.com/adoptium/adoptium-support/issues"/>
    <property name="java.io.tmpdir" value="/var/folders/7c/r56wc6rj5dz8g1y5qh69w0rm0000gp/T/"/>
    <property name="java.version" value="17.0.5"/>
    <property name="user.dir" value="/Users/anubhav/eclipse-workspace/assignment"/>
    <property name="os.arch" value="aarch64"/>
    <property name="java.vm.specification.name" value="Java Virtual Machine Specification"/>
    <property name="native.encoding" value="UTF-8"/>
    <property name="java.library.path" value="/Users/anubhav/Library/Java/Extensions:/Library/Java/Extensions:/Network/Library/Java/Extensions:/System/Library/Java/Extensions:/usr/lib/java:."/>
    <property name="java.vm.info" value="mixed mode"/>
    <property name="java.vendor" value="Eclipse Adoptium"/>
    <property name="java.vm.version" value="17.0.5+8"/>
    <property name="sun.io.unicode.encoding" value="UnicodeBig"/>
    <property name="java.class.version" value="61.0"/>
  </properties>
  <testcase name="testCheckIdExits[0: 1, en, I am a programmer]" classname="mathworks.technical.assignment.tests.Test_Scenario2" time="1.012"/>
  <testcase name="testCheckIdExits[1: 2, en, Hello I love the service]" classname="mathworks.technical.assignment.tests.Test_Scenario2" time="0.708"/>
  <testcase name="testCheckIdExits[2: 3, en, failure is not fatal]" classname="mathworks.technical.assignment.tests.Test_Scenario2" time="0.72"/>
  <testcase name="testCheckIdExits[3: 4, en, Lead from the heart, not the head]" classname="mathworks.technical.assignment.tests.Test_Scenario2" time="0.718"/>
  <testcase name="testCheckIdExits[4: 5, en, You cannot protect yourself from sadness without protecting yourself from happiness]" classname="mathworks.technical.assignment.tests.Test_Scenario2" time="0.715"/>
  <testcase name="testVerifyProbabilityGreaterThanHalf[0: 1, en, I am a programmer]" classname="mathworks.technical.assignment.tests.Test_Scenario2" time="0.716"/>
  <testcase name="testVerifyProbabilityGreaterThanHalf[1: 2, en, Hello I love the service]" classname="mathworks.technical.assignment.tests.Test_Scenario2" time="0.715"/>
  <testcase name="testVerifyProbabilityGreaterThanHalf[2: 3, en, failure is not fatal]" classname="mathworks.technical.assignment.tests.Test_Scenario2" time="0.816"/>
  <testcase name="testVerifyProbabilityGreaterThanHalf[3: 4, en, Lead from the heart, not the head]" classname="mathworks.technical.assignment.tests.Test_Scenario2" time="0.819"/>
  <testcase name="testVerifyProbabilityGreaterThanHalf[4: 5, en, You cannot protect yourself from sadness without protecting yourself from happiness]" classname="mathworks.technical.assignment.tests.Test_Scenario2" time="0.717"/>
</testsuite>